2025-06-02 16:06:18,237 - game_state_handler - INFO - GameStateHandler initialized for team 1, player 1
2025-06-02 16:06:18,237 - game_state_handler - INFO - Ready to handle game state changes...
2025-06-02 16:06:18,528 - game_state_handler - INFO - Received game state: STATE_SET - UNKNOWN
2025-06-02 16:06:19,040 - game_state_handler - INFO - Received game state: STATE_SET - UNKNOWN
2025-06-02 16:06:19,041 - game_state_handler - DEBUG - State UNKNOWN unchanged, not restarting script
2025-06-02 16:06:19,553 - game_state_handler - INFO - Received game state: STATE_SET - UNKNOWN
2025-06-02 16:06:19,553 - game_state_handler - DEBUG - State UNKNOWN unchanged, not restarting script
2025-06-02 16:06:20,069 - game_state_handler - INFO - Received game state: STATE_SET - UNKNOWN
2025-06-02 16:06:20,069 - game_state_handler - DEBUG - State UNKNOWN unchanged, not restarting script
2025-06-02 16:06:20,575 - game_state_handler - INFO - Received game state: STATE_SET - UNKNOWN
2025-06-02 16:06:20,575 - game_state_handler - DEBUG - State UNKNOWN unchanged, not restarting script
2025-06-02 16:06:21,085 - game_state_handler - INFO - Received game state: STATE_SET - UNKNOWN
2025-06-02 16:06:21,086 - game_state_handler - DEBUG - State UNKNOWN unchanged, not restarting script
2025-06-02 16:06:21,595 - game_state_handler - INFO - Received game state: STATE_SET - UNKNOWN
2025-06-02 16:06:21,595 - game_state_handler - DEBUG - State UNKNOWN unchanged, not restarting script
2025-06-02 16:06:22,102 - game_state_handler - INFO - Received game state: STATE_SET - UNKNOWN
2025-06-02 16:06:22,103 - game_state_handler - DEBUG - State UNKNOWN unchanged, not restarting script
2025-06-02 16:06:22,612 - game_state_handler - INFO - Received game state: STATE_SET - UNKNOWN
2025-06-02 16:06:22,612 - game_state_handler - DEBUG - State UNKNOWN unchanged, not restarting script
2025-06-02 16:06:23,123 - game_state_handler - INFO - Received game state: STATE_SET - UNKNOWN
2025-06-02 16:06:23,124 - game_state_handler - DEBUG - State UNKNOWN unchanged, not restarting script
2025-06-02 16:06:23,631 - game_state_handler - INFO - Received game state: STATE_PLAYING - UNKNOWN
2025-06-02 16:06:24,144 - game_state_handler - INFO - Received game state: STATE_PLAYING - UNKNOWN
2025-06-02 16:06:24,145 - game_state_handler - DEBUG - State UNKNOWN unchanged, not restarting script
2025-06-02 16:06:24,655 - game_state_handler - INFO - Received game state: STATE_PLAYING - UNKNOWN
2025-06-02 16:06:24,656 - game_state_handler - DEBUG - State UNKNOWN unchanged, not restarting script
2025-06-02 16:06:25,171 - game_state_handler - INFO - Received game state: STATE_PLAYING - UNKNOWN
2025-06-02 16:06:25,172 - game_state_handler - DEBUG - State UNKNOWN unchanged, not restarting script
2025-06-02 16:06:25,676 - game_state_handler - INFO - Received game state: STATE_PLAYING - UNKNOWN
2025-06-02 16:06:25,676 - game_state_handler - DEBUG - State UNKNOWN unchanged, not restarting script
2025-06-02 16:06:26,182 - game_state_handler - INFO - Received game state: STATE_PLAYING - UNKNOWN
2025-06-02 16:06:26,182 - game_state_handler - DEBUG - State UNKNOWN unchanged, not restarting script
2025-06-02 16:06:26,693 - game_state_handler - INFO - Received game state: STATE_PLAYING - UNKNOWN
2025-06-02 16:06:26,694 - game_state_handler - DEBUG - State UNKNOWN unchanged, not restarting script
2025-06-02 16:06:27,202 - game_state_handler - INFO - Received game state: STATE_PLAYING - UNKNOWN
2025-06-02 16:06:27,203 - game_state_handler - DEBUG - State UNKNOWN unchanged, not restarting script
2025-06-02 16:06:34,865 - game_state_handler - INFO - Stopping GameStateHandler
2025-06-02 16:07:06,648 - game_state_handler - INFO - GameStateHandler initialized for team 1, player 1
2025-06-02 16:07:06,648 - game_state_handler - INFO - Ready to handle game state changes...
2025-06-02 16:07:19,956 - game_state_handler - INFO - Received game state: STATE_INITIAL - UNKNOWN
2025-06-02 16:07:20,470 - game_state_handler - INFO - Received game state: STATE_INITIAL - UNKNOWN
2025-06-02 16:07:20,470 - game_state_handler - DEBUG - State UNKNOWN unchanged, not restarting script
2025-06-02 16:07:20,970 - game_state_handler - INFO - Received game state: STATE_INITIAL - UNKNOWN
2025-06-02 16:07:20,971 - game_state_handler - DEBUG - State UNKNOWN unchanged, not restarting script
2025-06-02 16:07:21,472 - game_state_handler - INFO - Received game state: STATE_INITIAL - UNKNOWN
2025-06-02 16:07:21,473 - game_state_handler - DEBUG - State UNKNOWN unchanged, not restarting script
2025-06-02 16:07:21,977 - game_state_handler - INFO - Received game state: STATE_INITIAL - UNKNOWN
2025-06-02 16:07:21,978 - game_state_handler - DEBUG - State UNKNOWN unchanged, not restarting script
2025-06-02 16:07:22,487 - game_state_handler - INFO - Received game state: STATE_INITIAL - UNKNOWN
2025-06-02 16:07:22,488 - game_state_handler - DEBUG - State UNKNOWN unchanged, not restarting script
2025-06-02 16:07:22,999 - game_state_handler - INFO - Received game state: STATE_INITIAL - UNKNOWN
2025-06-02 16:07:22,999 - game_state_handler - DEBUG - State UNKNOWN unchanged, not restarting script
2025-06-02 16:07:23,501 - game_state_handler - INFO - Received game state: STATE_INITIAL - UNKNOWN
2025-06-02 16:07:23,502 - game_state_handler - DEBUG - State UNKNOWN unchanged, not restarting script
2025-06-02 16:07:24,011 - game_state_handler - INFO - Received game state: STATE_INITIAL - UNKNOWN
2025-06-02 16:07:24,012 - game_state_handler - DEBUG - State UNKNOWN unchanged, not restarting script
2025-06-02 16:07:24,527 - game_state_handler - INFO - Received game state: STATE_INITIAL - UNKNOWN
2025-06-02 16:07:24,528 - game_state_handler - DEBUG - State UNKNOWN unchanged, not restarting script
2025-06-02 16:07:25,040 - game_state_handler - INFO - Received game state: STATE_INITIAL - UNKNOWN
2025-06-02 16:07:25,040 - game_state_handler - DEBUG - State UNKNOWN unchanged, not restarting script
2025-06-02 16:07:25,551 - game_state_handler - INFO - Received game state: STATE_INITIAL - UNKNOWN
2025-06-02 16:07:25,551 - game_state_handler - DEBUG - State UNKNOWN unchanged, not restarting script
2025-06-02 16:07:26,063 - game_state_handler - INFO - Received game state: STATE_INITIAL - UNKNOWN
2025-06-02 16:07:26,063 - game_state_handler - DEBUG - State UNKNOWN unchanged, not restarting script
2025-06-02 16:07:26,576 - game_state_handler - INFO - Received game state: STATE_READY - UNKNOWN
2025-06-02 16:07:27,091 - game_state_handler - INFO - Received game state: STATE_READY - UNKNOWN
2025-06-02 16:07:27,091 - game_state_handler - DEBUG - State UNKNOWN unchanged, not restarting script
2025-06-02 16:07:27,597 - game_state_handler - INFO - Received game state: STATE_READY - UNKNOWN
2025-06-02 16:07:27,597 - game_state_handler - DEBUG - State UNKNOWN unchanged, not restarting script
2025-06-02 16:07:28,106 - game_state_handler - INFO - Received game state: STATE_READY - UNKNOWN
2025-06-02 16:07:28,106 - game_state_handler - DEBUG - State UNKNOWN unchanged, not restarting script
2025-06-02 16:07:28,619 - game_state_handler - INFO - Received game state: STATE_SET - UNKNOWN
2025-06-02 16:07:29,130 - game_state_handler - INFO - Received game state: STATE_SET - UNKNOWN
2025-06-02 16:07:29,130 - game_state_handler - DEBUG - State UNKNOWN unchanged, not restarting script
2025-06-02 16:07:29,645 - game_state_handler - INFO - Received game state: STATE_SET - UNKNOWN
2025-06-02 16:07:29,645 - game_state_handler - DEBUG - State UNKNOWN unchanged, not restarting script
2025-06-02 16:07:30,159 - game_state_handler - INFO - Received game state: STATE_SET - UNKNOWN
2025-06-02 16:07:30,159 - game_state_handler - DEBUG - State UNKNOWN unchanged, not restarting script
2025-06-02 16:07:30,666 - game_state_handler - INFO - Received game state: STATE_SET - UNKNOWN
2025-06-02 16:07:30,667 - game_state_handler - DEBUG - State UNKNOWN unchanged, not restarting script
2025-06-02 16:07:31,176 - game_state_handler - INFO - Received game state: STATE_PLAYING - UNKNOWN
2025-06-02 16:07:31,693 - game_state_handler - INFO - Received game state: STATE_PLAYING - UNKNOWN
2025-06-02 16:07:31,694 - game_state_handler - DEBUG - State UNKNOWN unchanged, not restarting script
2025-06-02 16:07:32,210 - game_state_handler - INFO - Received game state: STATE_FINISHED - UNKNOWN
2025-06-02 16:07:32,721 - game_state_handler - INFO - Received game state: STATE_FINISHED - UNKNOWN
2025-06-02 16:07:32,722 - game_state_handler - DEBUG - State UNKNOWN unchanged, not restarting script
2025-06-02 16:07:33,233 - game_state_handler - INFO - Received game state: STATE_FINISHED - UNKNOWN
2025-06-02 16:07:33,233 - game_state_handler - DEBUG - State UNKNOWN unchanged, not restarting script
2025-06-02 16:07:33,742 - game_state_handler - INFO - Received game state: STATE_FINISHED - UNKNOWN
2025-06-02 16:07:33,743 - game_state_handler - DEBUG - State UNKNOWN unchanged, not restarting script
2025-06-02 16:07:34,253 - game_state_handler - INFO - Received game state: STATE_FINISHED - UNKNOWN
2025-06-02 16:07:34,253 - game_state_handler - DEBUG - State UNKNOWN unchanged, not restarting script
2025-06-02 16:07:34,766 - game_state_handler - INFO - Received game state: STATE_FINISHED - UNKNOWN
2025-06-02 16:07:34,766 - game_state_handler - DEBUG - State UNKNOWN unchanged, not restarting script
2025-06-02 16:07:35,280 - game_state_handler - INFO - Received game state: STATE_INITIAL - UNKNOWN
2025-06-02 16:07:35,794 - game_state_handler - INFO - Received game state: STATE_INITIAL - UNKNOWN
2025-06-02 16:07:35,794 - game_state_handler - DEBUG - State UNKNOWN unchanged, not restarting script
2025-06-02 16:07:36,300 - game_state_handler - INFO - Received game state: STATE_INITIAL - UNKNOWN
2025-06-02 16:07:36,300 - game_state_handler - DEBUG - State UNKNOWN unchanged, not restarting script
2025-06-02 16:07:36,813 - game_state_handler - INFO - Received game state: STATE_INITIAL - UNKNOWN
2025-06-02 16:07:36,813 - game_state_handler - DEBUG - State UNKNOWN unchanged, not restarting script
2025-06-02 16:07:37,328 - game_state_handler - INFO - Received game state: STATE_INITIAL - UNKNOWN
2025-06-02 16:07:37,328 - game_state_handler - DEBUG - State UNKNOWN unchanged, not restarting script
2025-06-02 16:07:37,842 - game_state_handler - INFO - Received game state: STATE_INITIAL - UNKNOWN
2025-06-02 16:07:37,843 - game_state_handler - DEBUG - State UNKNOWN unchanged, not restarting script
2025-06-02 16:07:38,354 - game_state_handler - INFO - Received game state: STATE_INITIAL - UNKNOWN
2025-06-02 16:07:38,354 - game_state_handler - DEBUG - State UNKNOWN unchanged, not restarting script
2025-06-02 16:07:38,865 - game_state_handler - INFO - Received game state: STATE_INITIAL - UNKNOWN
2025-06-02 16:07:38,865 - game_state_handler - DEBUG - State UNKNOWN unchanged, not restarting script
2025-06-02 16:07:39,380 - game_state_handler - INFO - Received game state: STATE_INITIAL - UNKNOWN
2025-06-02 16:07:39,381 - game_state_handler - DEBUG - State UNKNOWN unchanged, not restarting script
2025-06-02 16:07:39,888 - game_state_handler - INFO - Received game state: STATE_INITIAL - UNKNOWN
2025-06-02 16:07:39,889 - game_state_handler - DEBUG - State UNKNOWN unchanged, not restarting script
2025-06-02 16:07:40,396 - game_state_handler - INFO - Received game state: STATE_INITIAL - UNKNOWN
2025-06-02 16:07:40,397 - game_state_handler - DEBUG - State UNKNOWN unchanged, not restarting script
2025-06-02 16:07:40,910 - game_state_handler - INFO - Received game state: STATE_INITIAL - UNKNOWN
2025-06-02 16:07:40,910 - game_state_handler - DEBUG - State UNKNOWN unchanged, not restarting script
2025-06-02 16:07:41,424 - game_state_handler - INFO - Received game state: STATE_INITIAL - UNKNOWN
2025-06-02 16:07:41,425 - game_state_handler - DEBUG - State UNKNOWN unchanged, not restarting script
2025-06-02 16:07:41,927 - game_state_handler - INFO - Received game state: STATE_INITIAL - UNKNOWN
2025-06-02 16:07:41,928 - game_state_handler - DEBUG - State UNKNOWN unchanged, not restarting script
2025-06-02 16:07:42,440 - game_state_handler - INFO - Received game state: STATE_INITIAL - UNKNOWN
2025-06-02 16:07:42,440 - game_state_handler - DEBUG - State UNKNOWN unchanged, not restarting script
2025-06-02 16:07:42,950 - game_state_handler - INFO - Received game state: STATE_INITIAL - UNKNOWN
2025-06-02 16:07:42,951 - game_state_handler - DEBUG - State UNKNOWN unchanged, not restarting script
2025-06-02 16:07:43,463 - game_state_handler - INFO - Received game state: STATE_INITIAL - UNKNOWN
2025-06-02 16:07:43,463 - game_state_handler - DEBUG - State UNKNOWN unchanged, not restarting script
2025-06-02 16:07:43,977 - game_state_handler - INFO - Received game state: STATE_INITIAL - UNKNOWN
2025-06-02 16:07:43,977 - game_state_handler - DEBUG - State UNKNOWN unchanged, not restarting script
2025-06-02 16:07:44,485 - game_state_handler - INFO - Received game state: STATE_INITIAL - UNKNOWN
2025-06-02 16:07:44,486 - game_state_handler - DEBUG - State UNKNOWN unchanged, not restarting script
2025-06-02 16:07:44,999 - game_state_handler - INFO - Received game state: STATE_INITIAL - UNKNOWN
2025-06-02 16:07:45,000 - game_state_handler - DEBUG - State UNKNOWN unchanged, not restarting script
2025-06-02 16:07:45,511 - game_state_handler - INFO - Received game state: STATE_INITIAL - UNKNOWN
2025-06-02 16:07:45,512 - game_state_handler - DEBUG - State UNKNOWN unchanged, not restarting script
2025-06-02 16:07:46,020 - game_state_handler - INFO - Received game state: STATE_INITIAL - UNKNOWN
2025-06-02 16:07:46,020 - game_state_handler - DEBUG - State UNKNOWN unchanged, not restarting script
2025-06-02 16:07:46,533 - game_state_handler - INFO - Received game state: STATE_INITIAL - UNKNOWN
2025-06-02 16:07:46,534 - game_state_handler - DEBUG - State UNKNOWN unchanged, not restarting script
2025-06-02 16:07:47,045 - game_state_handler - INFO - Received game state: STATE_INITIAL - UNKNOWN
2025-06-02 16:07:47,046 - game_state_handler - DEBUG - State UNKNOWN unchanged, not restarting script
2025-06-02 16:07:47,561 - game_state_handler - INFO - Stopping GameStateHandler
2025-06-02 16:07:51,587 - game_state_handler - INFO - GameStateHandler initialized for team 1, player 1
2025-06-02 16:07:51,588 - game_state_handler - INFO - Ready to handle game state changes...
2025-06-02 16:07:51,644 - game_state_handler - INFO - Received game state: STATE_INITIAL - UNKNOWN
2025-06-02 16:07:52,157 - game_state_handler - INFO - Received game state: STATE_INITIAL - UNKNOWN
2025-06-02 16:07:52,157 - game_state_handler - DEBUG - State UNKNOWN unchanged, not restarting script
2025-06-02 16:07:52,665 - game_state_handler - INFO - Received game state: STATE_INITIAL - UNKNOWN
2025-06-02 16:07:52,665 - game_state_handler - DEBUG - State UNKNOWN unchanged, not restarting script
2025-06-02 16:07:53,182 - game_state_handler - INFO - Received game state: STATE_INITIAL - UNKNOWN
2025-06-02 16:07:53,182 - game_state_handler - DEBUG - State UNKNOWN unchanged, not restarting script
2025-06-02 16:07:53,693 - game_state_handler - INFO - Received game state: STATE_INITIAL - UNKNOWN
2025-06-02 16:07:53,694 - game_state_handler - DEBUG - State UNKNOWN unchanged, not restarting script
2025-06-02 16:07:54,197 - game_state_handler - INFO - Received game state: STATE_INITIAL - UNKNOWN
2025-06-02 16:07:54,198 - game_state_handler - DEBUG - State UNKNOWN unchanged, not restarting script
2025-06-02 16:07:54,710 - game_state_handler - INFO - Received game state: STATE_INITIAL - UNKNOWN
2025-06-02 16:07:54,711 - game_state_handler - DEBUG - State UNKNOWN unchanged, not restarting script
2025-06-02 16:07:55,221 - game_state_handler - INFO - Received game state: STATE_INITIAL - UNKNOWN
2025-06-02 16:07:55,221 - game_state_handler - DEBUG - State UNKNOWN unchanged, not restarting script
2025-06-02 16:07:55,734 - game_state_handler - INFO - Received game state: STATE_INITIAL - UNKNOWN
2025-06-02 16:07:55,735 - game_state_handler - DEBUG - State UNKNOWN unchanged, not restarting script
2025-06-02 16:07:56,243 - game_state_handler - INFO - Received game state: STATE_INITIAL - UNKNOWN
2025-06-02 16:07:56,244 - game_state_handler - DEBUG - State UNKNOWN unchanged, not restarting script
2025-06-02 16:07:56,758 - game_state_handler - INFO - Received game state: STATE_INITIAL - UNKNOWN
2025-06-02 16:07:56,758 - game_state_handler - DEBUG - State UNKNOWN unchanged, not restarting script
2025-06-02 16:07:57,268 - game_state_handler - INFO - Received game state: STATE_INITIAL - UNKNOWN
2025-06-02 16:07:57,268 - game_state_handler - DEBUG - State UNKNOWN unchanged, not restarting script
2025-06-02 16:07:57,781 - game_state_handler - INFO - Received game state: STATE_INITIAL - UNKNOWN
2025-06-02 16:07:57,781 - game_state_handler - DEBUG - State UNKNOWN unchanged, not restarting script
2025-06-02 16:07:58,292 - game_state_handler - INFO - Received game state: STATE_INITIAL - UNKNOWN
2025-06-02 16:07:58,292 - game_state_handler - DEBUG - State UNKNOWN unchanged, not restarting script
2025-06-02 16:07:58,806 - game_state_handler - INFO - Received game state: STATE_INITIAL - UNKNOWN
2025-06-02 16:07:58,807 - game_state_handler - DEBUG - State UNKNOWN unchanged, not restarting script
2025-06-02 16:07:59,313 - game_state_handler - INFO - Received game state: STATE_INITIAL - UNKNOWN
2025-06-02 16:07:59,313 - game_state_handler - DEBUG - State UNKNOWN unchanged, not restarting script
2025-06-02 16:07:59,821 - game_state_handler - INFO - Received game state: STATE_INITIAL - UNKNOWN
2025-06-02 16:07:59,822 - game_state_handler - DEBUG - State UNKNOWN unchanged, not restarting script
2025-06-02 16:08:00,332 - game_state_handler - INFO - Received game state: STATE_INITIAL - UNKNOWN
2025-06-02 16:08:00,333 - game_state_handler - DEBUG - State UNKNOWN unchanged, not restarting script
2025-06-02 16:08:00,844 - game_state_handler - INFO - Received game state: STATE_INITIAL - UNKNOWN
2025-06-02 16:08:00,845 - game_state_handler - DEBUG - State UNKNOWN unchanged, not restarting script
2025-06-02 16:08:01,350 - game_state_handler - INFO - Received game state: STATE_INITIAL - UNKNOWN
2025-06-02 16:08:01,351 - game_state_handler - DEBUG - State UNKNOWN unchanged, not restarting script
2025-06-02 16:08:01,858 - game_state_handler - INFO - Received game state: STATE_INITIAL - UNKNOWN
2025-06-02 16:08:01,859 - game_state_handler - DEBUG - State UNKNOWN unchanged, not restarting script
2025-06-02 16:08:02,368 - game_state_handler - INFO - Received game state: STATE_INITIAL - UNKNOWN
2025-06-02 16:08:02,369 - game_state_handler - DEBUG - State UNKNOWN unchanged, not restarting script
2025-06-02 16:08:02,877 - game_state_handler - INFO - Received game state: STATE_INITIAL - UNKNOWN
2025-06-02 16:08:02,878 - game_state_handler - DEBUG - State UNKNOWN unchanged, not restarting script
2025-06-02 16:08:03,386 - game_state_handler - INFO - Received game state: STATE_INITIAL - UNKNOWN
2025-06-02 16:08:03,387 - game_state_handler - DEBUG - State UNKNOWN unchanged, not restarting script
2025-06-02 16:08:03,898 - game_state_handler - INFO - Received game state: STATE_INITIAL - UNKNOWN
2025-06-02 16:08:03,898 - game_state_handler - DEBUG - State UNKNOWN unchanged, not restarting script
2025-06-02 16:08:04,410 - game_state_handler - INFO - Received game state: STATE_INITIAL - UNKNOWN
2025-06-02 16:08:04,410 - game_state_handler - DEBUG - State UNKNOWN unchanged, not restarting script
2025-06-02 16:08:04,921 - game_state_handler - INFO - Received game state: STATE_INITIAL - UNKNOWN
2025-06-02 16:08:04,922 - game_state_handler - DEBUG - State UNKNOWN unchanged, not restarting script
2025-06-02 16:08:05,434 - game_state_handler - INFO - Received game state: STATE_INITIAL - UNKNOWN
2025-06-02 16:08:05,435 - game_state_handler - DEBUG - State UNKNOWN unchanged, not restarting script
2025-06-02 16:08:05,941 - game_state_handler - INFO - Received game state: STATE_INITIAL - UNKNOWN
2025-06-02 16:08:05,942 - game_state_handler - DEBUG - State UNKNOWN unchanged, not restarting script
2025-06-02 16:08:06,448 - game_state_handler - INFO - Received game state: STATE_INITIAL - UNKNOWN
2025-06-02 16:08:06,448 - game_state_handler - DEBUG - State UNKNOWN unchanged, not restarting script
2025-06-02 16:08:06,961 - game_state_handler - INFO - Received game state: STATE_INITIAL - UNKNOWN
2025-06-02 16:08:06,962 - game_state_handler - DEBUG - State UNKNOWN unchanged, not restarting script
2025-06-02 16:08:07,467 - game_state_handler - INFO - Received game state: STATE_INITIAL - UNKNOWN
2025-06-02 16:08:07,468 - game_state_handler - DEBUG - State UNKNOWN unchanged, not restarting script
2025-06-02 16:08:07,980 - game_state_handler - INFO - Received game state: STATE_INITIAL - UNKNOWN
2025-06-02 16:08:07,980 - game_state_handler - DEBUG - State UNKNOWN unchanged, not restarting script
2025-06-02 16:08:08,492 - game_state_handler - INFO - Received game state: STATE_INITIAL - UNKNOWN
2025-06-02 16:08:08,492 - game_state_handler - DEBUG - State UNKNOWN unchanged, not restarting script
2025-06-02 16:08:09,001 - game_state_handler - INFO - Received game state: STATE_INITIAL - UNKNOWN
2025-06-02 16:08:09,002 - game_state_handler - DEBUG - State UNKNOWN unchanged, not restarting script
2025-06-02 16:08:09,511 - game_state_handler - INFO - Received game state: STATE_INITIAL - UNKNOWN
2025-06-02 16:08:09,512 - game_state_handler - DEBUG - State UNKNOWN unchanged, not restarting script
2025-06-02 16:08:10,021 - game_state_handler - INFO - Received game state: STATE_INITIAL - UNKNOWN
2025-06-02 16:08:10,022 - game_state_handler - DEBUG - State UNKNOWN unchanged, not restarting script
2025-06-02 16:08:10,532 - game_state_handler - INFO - Received game state: STATE_INITIAL - UNKNOWN
2025-06-02 16:08:10,532 - game_state_handler - DEBUG - State UNKNOWN unchanged, not restarting script
2025-06-02 16:08:11,040 - game_state_handler - INFO - Received game state: STATE_INITIAL - UNKNOWN
2025-06-02 16:08:11,041 - game_state_handler - DEBUG - State UNKNOWN unchanged, not restarting script
2025-06-02 16:08:11,548 - game_state_handler - INFO - Received game state: STATE_INITIAL - UNKNOWN
2025-06-02 16:08:11,549 - game_state_handler - DEBUG - State UNKNOWN unchanged, not restarting script
2025-06-02 16:08:12,060 - game_state_handler - INFO - Received game state: STATE_INITIAL - UNKNOWN
2025-06-02 16:08:12,060 - game_state_handler - DEBUG - State UNKNOWN unchanged, not restarting script
2025-06-02 16:08:12,573 - game_state_handler - INFO - Received game state: STATE_INITIAL - UNKNOWN
2025-06-02 16:08:12,574 - game_state_handler - DEBUG - State UNKNOWN unchanged, not restarting script
2025-06-02 16:08:13,087 - game_state_handler - INFO - Received game state: STATE_INITIAL - UNKNOWN
2025-06-02 16:08:13,087 - game_state_handler - DEBUG - State UNKNOWN unchanged, not restarting script
2025-06-02 16:08:13,595 - game_state_handler - INFO - Received game state: STATE_INITIAL - UNKNOWN
2025-06-02 16:08:13,596 - game_state_handler - DEBUG - State UNKNOWN unchanged, not restarting script
2025-06-02 16:08:14,104 - game_state_handler - INFO - Received game state: STATE_INITIAL - UNKNOWN
2025-06-02 16:08:14,105 - game_state_handler - DEBUG - State UNKNOWN unchanged, not restarting script
2025-06-02 16:08:14,614 - game_state_handler - INFO - Received game state: STATE_INITIAL - UNKNOWN
2025-06-02 16:08:14,614 - game_state_handler - DEBUG - State UNKNOWN unchanged, not restarting script
2025-06-02 16:08:15,128 - game_state_handler - INFO - Received game state: STATE_INITIAL - UNKNOWN
2025-06-02 16:08:15,128 - game_state_handler - DEBUG - State UNKNOWN unchanged, not restarting script
2025-06-02 16:08:15,638 - game_state_handler - INFO - Received game state: STATE_INITIAL - UNKNOWN
2025-06-02 16:08:15,638 - game_state_handler - DEBUG - State UNKNOWN unchanged, not restarting script
2025-06-02 16:08:16,149 - game_state_handler - INFO - Received game state: STATE_INITIAL - UNKNOWN
2025-06-02 16:08:16,150 - game_state_handler - DEBUG - State UNKNOWN unchanged, not restarting script
2025-06-02 16:08:16,661 - game_state_handler - INFO - Received game state: STATE_INITIAL - UNKNOWN
2025-06-02 16:08:16,662 - game_state_handler - DEBUG - State UNKNOWN unchanged, not restarting script
2025-06-02 16:08:17,174 - game_state_handler - INFO - Received game state: STATE_INITIAL - UNKNOWN
2025-06-02 16:08:17,174 - game_state_handler - DEBUG - State UNKNOWN unchanged, not restarting script
2025-06-02 16:08:17,683 - game_state_handler - INFO - Received game state: STATE_INITIAL - UNKNOWN
2025-06-02 16:08:17,684 - game_state_handler - DEBUG - State UNKNOWN unchanged, not restarting script
2025-06-02 16:08:18,197 - game_state_handler - INFO - Received game state: STATE_INITIAL - UNKNOWN
2025-06-02 16:08:18,198 - game_state_handler - DEBUG - State UNKNOWN unchanged, not restarting script
2025-06-02 16:08:18,709 - game_state_handler - INFO - Received game state: STATE_INITIAL - UNKNOWN
2025-06-02 16:08:18,710 - game_state_handler - DEBUG - State UNKNOWN unchanged, not restarting script
2025-06-02 16:08:19,220 - game_state_handler - INFO - Received game state: STATE_INITIAL - UNKNOWN
2025-06-02 16:08:19,220 - game_state_handler - DEBUG - State UNKNOWN unchanged, not restarting script
2025-06-02 16:08:19,726 - game_state_handler - INFO - Received game state: STATE_INITIAL - UNKNOWN
2025-06-02 16:08:19,727 - game_state_handler - DEBUG - State UNKNOWN unchanged, not restarting script
2025-06-02 16:08:20,235 - game_state_handler - INFO - Received game state: STATE_INITIAL - UNKNOWN
2025-06-02 16:08:20,235 - game_state_handler - DEBUG - State UNKNOWN unchanged, not restarting script
2025-06-02 16:08:20,740 - game_state_handler - INFO - Received game state: STATE_INITIAL - UNKNOWN
2025-06-02 16:08:20,741 - game_state_handler - DEBUG - State UNKNOWN unchanged, not restarting script
2025-06-02 16:08:21,251 - game_state_handler - INFO - Received game state: STATE_INITIAL - UNKNOWN
2025-06-02 16:08:21,252 - game_state_handler - DEBUG - State UNKNOWN unchanged, not restarting script
2025-06-02 16:08:21,764 - game_state_handler - INFO - Received game state: STATE_INITIAL - UNKNOWN
2025-06-02 16:08:21,765 - game_state_handler - DEBUG - State UNKNOWN unchanged, not restarting script
2025-06-02 16:08:22,274 - game_state_handler - INFO - Received game state: STATE_INITIAL - UNKNOWN
2025-06-02 16:08:22,275 - game_state_handler - DEBUG - State UNKNOWN unchanged, not restarting script
2025-06-02 16:08:22,785 - game_state_handler - INFO - Received game state: STATE_INITIAL - UNKNOWN
2025-06-02 16:08:22,786 - game_state_handler - DEBUG - State UNKNOWN unchanged, not restarting script
2025-06-02 16:08:23,299 - game_state_handler - INFO - Received game state: STATE_INITIAL - UNKNOWN
2025-06-02 16:08:23,300 - game_state_handler - DEBUG - State UNKNOWN unchanged, not restarting script
2025-06-02 16:08:23,811 - game_state_handler - INFO - Received game state: STATE_INITIAL - UNKNOWN
2025-06-02 16:08:23,812 - game_state_handler - DEBUG - State UNKNOWN unchanged, not restarting script
2025-06-02 16:08:24,323 - game_state_handler - INFO - Received game state: STATE_INITIAL - UNKNOWN
2025-06-02 16:08:24,323 - game_state_handler - DEBUG - State UNKNOWN unchanged, not restarting script
2025-06-02 16:08:24,836 - game_state_handler - INFO - Received game state: STATE_INITIAL - UNKNOWN
2025-06-02 16:08:24,837 - game_state_handler - DEBUG - State UNKNOWN unchanged, not restarting script
2025-06-02 16:08:25,346 - game_state_handler - INFO - Received game state: STATE_INITIAL - UNKNOWN
2025-06-02 16:08:25,347 - game_state_handler - DEBUG - State UNKNOWN unchanged, not restarting script
2025-06-02 16:08:25,853 - game_state_handler - INFO - Received game state: STATE_INITIAL - UNKNOWN
2025-06-02 16:08:25,854 - game_state_handler - DEBUG - State UNKNOWN unchanged, not restarting script
2025-06-02 16:08:26,364 - game_state_handler - INFO - Received game state: STATE_INITIAL - UNKNOWN
2025-06-02 16:08:26,366 - game_state_handler - DEBUG - State UNKNOWN unchanged, not restarting script
2025-06-02 16:08:26,874 - game_state_handler - INFO - Received game state: STATE_INITIAL - UNKNOWN
2025-06-02 16:08:26,874 - game_state_handler - DEBUG - State UNKNOWN unchanged, not restarting script
2025-06-02 16:08:27,382 - game_state_handler - INFO - Received game state: STATE_INITIAL - UNKNOWN
2025-06-02 16:08:27,382 - game_state_handler - DEBUG - State UNKNOWN unchanged, not restarting script
2025-06-02 16:08:27,891 - game_state_handler - INFO - Received game state: STATE_INITIAL - UNKNOWN
2025-06-02 16:08:27,892 - game_state_handler - DEBUG - State UNKNOWN unchanged, not restarting script
2025-06-02 16:08:28,403 - game_state_handler - INFO - Received game state: STATE_INITIAL - UNKNOWN
2025-06-02 16:08:28,403 - game_state_handler - DEBUG - State UNKNOWN unchanged, not restarting script
2025-06-02 16:08:28,916 - game_state_handler - INFO - Received game state: STATE_INITIAL - UNKNOWN
2025-06-02 16:08:28,916 - game_state_handler - DEBUG - State UNKNOWN unchanged, not restarting script
2025-06-02 16:08:29,427 - game_state_handler - INFO - Received game state: STATE_INITIAL - UNKNOWN
2025-06-02 16:08:29,427 - game_state_handler - DEBUG - State UNKNOWN unchanged, not restarting script
2025-06-02 16:08:29,949 - game_state_handler - INFO - Stopping GameStateHandler
2025-06-02 16:08:31,654 - game_state_handler - INFO - GameStateHandler initialized for team 1, player 1
2025-06-02 16:08:31,654 - game_state_handler - INFO - Ready to handle game state changes...
2025-06-02 16:08:31,992 - game_state_handler - INFO - Received game state: STATE_INITIAL - UNKNOWN
2025-06-02 16:08:32,508 - game_state_handler - INFO - Received game state: STATE_INITIAL - UNKNOWN
2025-06-02 16:08:32,508 - game_state_handler - DEBUG - State UNKNOWN unchanged, not restarting script
2025-06-02 16:08:33,015 - game_state_handler - INFO - Received game state: STATE_INITIAL - UNKNOWN
2025-06-02 16:08:33,016 - game_state_handler - DEBUG - State UNKNOWN unchanged, not restarting script
2025-06-02 16:08:33,527 - game_state_handler - INFO - Received game state: STATE_INITIAL - UNKNOWN
2025-06-02 16:08:33,528 - game_state_handler - DEBUG - State UNKNOWN unchanged, not restarting script
2025-06-02 16:08:34,028 - game_state_handler - INFO - Received game state: STATE_INITIAL - UNKNOWN
2025-06-02 16:08:34,029 - game_state_handler - DEBUG - State UNKNOWN unchanged, not restarting script
2025-06-02 16:08:34,543 - game_state_handler - INFO - Received game state: STATE_INITIAL - UNKNOWN
2025-06-02 16:08:34,544 - game_state_handler - DEBUG - State UNKNOWN unchanged, not restarting script
2025-06-02 16:08:35,052 - game_state_handler - INFO - Received game state: STATE_INITIAL - UNKNOWN
2025-06-02 16:08:35,052 - game_state_handler - DEBUG - State UNKNOWN unchanged, not restarting script
2025-06-02 16:08:35,563 - game_state_handler - INFO - Received game state: STATE_INITIAL - UNKNOWN
2025-06-02 16:08:35,563 - game_state_handler - DEBUG - State UNKNOWN unchanged, not restarting script
2025-06-02 16:08:36,075 - game_state_handler - INFO - Received game state: STATE_INITIAL - UNKNOWN
2025-06-02 16:08:36,076 - game_state_handler - DEBUG - State UNKNOWN unchanged, not restarting script
2025-06-02 16:08:36,586 - game_state_handler - INFO - Received game state: STATE_INITIAL - UNKNOWN
2025-06-02 16:08:36,586 - game_state_handler - DEBUG - State UNKNOWN unchanged, not restarting script
2025-06-02 16:08:37,098 - game_state_handler - INFO - Received game state: STATE_INITIAL - UNKNOWN
2025-06-02 16:08:37,099 - game_state_handler - DEBUG - State UNKNOWN unchanged, not restarting script
2025-06-02 16:08:37,607 - game_state_handler - INFO - Received game state: STATE_INITIAL - UNKNOWN
2025-06-02 16:08:37,608 - game_state_handler - DEBUG - State UNKNOWN unchanged, not restarting script
2025-06-02 16:08:38,119 - game_state_handler - INFO - Received game state: STATE_INITIAL - UNKNOWN
2025-06-02 16:08:38,120 - game_state_handler - DEBUG - State UNKNOWN unchanged, not restarting script
2025-06-02 16:08:38,628 - game_state_handler - INFO - Received game state: STATE_INITIAL - UNKNOWN
2025-06-02 16:08:38,628 - game_state_handler - DEBUG - State UNKNOWN unchanged, not restarting script
2025-06-02 16:08:39,142 - game_state_handler - INFO - Received game state: STATE_INITIAL - UNKNOWN
2025-06-02 16:08:39,143 - game_state_handler - DEBUG - State UNKNOWN unchanged, not restarting script
2025-06-02 16:08:39,647 - game_state_handler - INFO - Received game state: STATE_INITIAL - UNKNOWN
2025-06-02 16:08:39,647 - game_state_handler - DEBUG - State UNKNOWN unchanged, not restarting script
2025-06-02 16:08:40,157 - game_state_handler - INFO - Received game state: STATE_INITIAL - UNKNOWN
2025-06-02 16:08:40,158 - game_state_handler - DEBUG - State UNKNOWN unchanged, not restarting script
2025-06-02 16:08:40,663 - game_state_handler - INFO - Received game state: STATE_INITIAL - UNKNOWN
2025-06-02 16:08:40,663 - game_state_handler - DEBUG - State UNKNOWN unchanged, not restarting script
2025-06-02 16:08:41,172 - game_state_handler - INFO - Received game state: STATE_INITIAL - UNKNOWN
2025-06-02 16:08:41,173 - game_state_handler - DEBUG - State UNKNOWN unchanged, not restarting script
2025-06-02 16:08:41,681 - game_state_handler - INFO - Received game state: STATE_INITIAL - UNKNOWN
2025-06-02 16:08:41,681 - game_state_handler - DEBUG - State UNKNOWN unchanged, not restarting script
2025-06-02 16:08:42,190 - game_state_handler - INFO - Received game state: STATE_INITIAL - UNKNOWN
2025-06-02 16:08:42,190 - game_state_handler - DEBUG - State UNKNOWN unchanged, not restarting script
2025-06-02 16:08:42,700 - game_state_handler - INFO - Received game state: STATE_INITIAL - UNKNOWN
2025-06-02 16:08:42,701 - game_state_handler - DEBUG - State UNKNOWN unchanged, not restarting script
2025-06-02 16:08:43,210 - game_state_handler - INFO - Received game state: STATE_INITIAL - UNKNOWN
2025-06-02 16:08:43,211 - game_state_handler - DEBUG - State UNKNOWN unchanged, not restarting script
2025-06-02 16:08:43,722 - game_state_handler - INFO - Received game state: STATE_INITIAL - UNKNOWN
2025-06-02 16:08:43,723 - game_state_handler - DEBUG - State UNKNOWN unchanged, not restarting script
2025-06-02 16:08:44,226 - game_state_handler - INFO - Received game state: STATE_INITIAL - UNKNOWN
2025-06-02 16:08:44,226 - game_state_handler - DEBUG - State UNKNOWN unchanged, not restarting script
2025-06-02 16:08:44,738 - game_state_handler - INFO - Received game state: STATE_INITIAL - UNKNOWN
2025-06-02 16:08:44,738 - game_state_handler - DEBUG - State UNKNOWN unchanged, not restarting script
2025-06-02 16:08:45,250 - game_state_handler - INFO - Received game state: STATE_INITIAL - UNKNOWN
2025-06-02 16:08:45,250 - game_state_handler - DEBUG - State UNKNOWN unchanged, not restarting script
2025-06-02 16:08:45,760 - game_state_handler - INFO - Received game state: STATE_INITIAL - UNKNOWN
2025-06-02 16:08:45,761 - game_state_handler - DEBUG - State UNKNOWN unchanged, not restarting script
2025-06-02 16:08:46,272 - game_state_handler - INFO - Received game state: STATE_INITIAL - UNKNOWN
2025-06-02 16:08:46,273 - game_state_handler - DEBUG - State UNKNOWN unchanged, not restarting script
2025-06-02 16:08:46,783 - game_state_handler - INFO - Received game state: STATE_INITIAL - UNKNOWN
2025-06-02 16:08:46,783 - game_state_handler - DEBUG - State UNKNOWN unchanged, not restarting script
2025-06-02 16:08:47,290 - game_state_handler - INFO - Received game state: STATE_INITIAL - UNKNOWN
2025-06-02 16:08:47,290 - game_state_handler - DEBUG - State UNKNOWN unchanged, not restarting script
2025-06-02 16:08:47,801 - game_state_handler - INFO - Received game state: STATE_INITIAL - UNKNOWN
2025-06-02 16:08:47,802 - game_state_handler - DEBUG - State UNKNOWN unchanged, not restarting script
2025-06-02 16:08:48,313 - game_state_handler - INFO - Received game state: STATE_INITIAL - UNKNOWN
2025-06-02 16:08:48,314 - game_state_handler - DEBUG - State UNKNOWN unchanged, not restarting script
2025-06-02 16:08:48,823 - game_state_handler - INFO - Received game state: STATE_INITIAL - UNKNOWN
2025-06-02 16:08:48,824 - game_state_handler - DEBUG - State UNKNOWN unchanged, not restarting script
2025-06-02 16:08:49,338 - game_state_handler - INFO - Received game state: STATE_INITIAL - UNKNOWN
2025-06-02 16:08:49,338 - game_state_handler - DEBUG - State UNKNOWN unchanged, not restarting script
2025-06-02 16:08:49,845 - game_state_handler - INFO - Received game state: STATE_INITIAL - UNKNOWN
2025-06-02 16:08:49,845 - game_state_handler - DEBUG - State UNKNOWN unchanged, not restarting script
2025-06-02 16:08:50,356 - game_state_handler - INFO - Received game state: STATE_INITIAL - UNKNOWN
2025-06-02 16:08:50,357 - game_state_handler - DEBUG - State UNKNOWN unchanged, not restarting script
2025-06-02 16:08:50,868 - game_state_handler - INFO - Received game state: STATE_INITIAL - UNKNOWN
2025-06-02 16:08:50,869 - game_state_handler - DEBUG - State UNKNOWN unchanged, not restarting script
2025-06-02 16:08:51,375 - game_state_handler - INFO - Received game state: STATE_INITIAL - UNKNOWN
2025-06-02 16:08:51,376 - game_state_handler - DEBUG - State UNKNOWN unchanged, not restarting script
2025-06-02 16:08:51,884 - game_state_handler - INFO - Received game state: STATE_INITIAL - UNKNOWN
2025-06-02 16:08:51,884 - game_state_handler - DEBUG - State UNKNOWN unchanged, not restarting script
2025-06-02 16:08:52,398 - game_state_handler - INFO - Received game state: STATE_INITIAL - UNKNOWN
2025-06-02 16:08:52,398 - game_state_handler - DEBUG - State UNKNOWN unchanged, not restarting script
2025-06-02 16:08:52,911 - game_state_handler - INFO - Received game state: STATE_INITIAL - UNKNOWN
2025-06-02 16:08:52,911 - game_state_handler - DEBUG - State UNKNOWN unchanged, not restarting script
2025-06-02 16:08:53,424 - game_state_handler - INFO - Received game state: STATE_INITIAL - UNKNOWN
2025-06-02 16:08:53,425 - game_state_handler - DEBUG - State UNKNOWN unchanged, not restarting script
2025-06-02 16:08:53,937 - game_state_handler - INFO - Received game state: STATE_INITIAL - UNKNOWN
2025-06-02 16:08:53,938 - game_state_handler - DEBUG - State UNKNOWN unchanged, not restarting script
2025-06-02 16:08:54,447 - game_state_handler - INFO - Received game state: STATE_INITIAL - UNKNOWN
2025-06-02 16:08:54,448 - game_state_handler - DEBUG - State UNKNOWN unchanged, not restarting script
2025-06-02 16:08:54,954 - game_state_handler - INFO - Received game state: STATE_INITIAL - UNKNOWN
2025-06-02 16:08:54,955 - game_state_handler - DEBUG - State UNKNOWN unchanged, not restarting script
2025-06-02 16:08:55,464 - game_state_handler - INFO - Received game state: STATE_INITIAL - UNKNOWN
2025-06-02 16:08:55,464 - game_state_handler - DEBUG - State UNKNOWN unchanged, not restarting script
2025-06-02 16:08:55,977 - game_state_handler - INFO - Received game state: STATE_INITIAL - UNKNOWN
2025-06-02 16:08:55,977 - game_state_handler - DEBUG - State UNKNOWN unchanged, not restarting script
2025-06-02 16:08:56,493 - game_state_handler - INFO - Received game state: STATE_INITIAL - UNKNOWN
2025-06-02 16:08:56,493 - game_state_handler - DEBUG - State UNKNOWN unchanged, not restarting script
2025-06-02 16:08:57,003 - game_state_handler - INFO - Received game state: STATE_INITIAL - UNKNOWN
2025-06-02 16:08:57,004 - game_state_handler - DEBUG - State UNKNOWN unchanged, not restarting script
2025-06-02 16:08:57,511 - game_state_handler - INFO - Received game state: STATE_INITIAL - UNKNOWN
2025-06-02 16:08:57,512 - game_state_handler - DEBUG - State UNKNOWN unchanged, not restarting script
2025-06-02 16:08:58,016 - game_state_handler - INFO - Received game state: STATE_INITIAL - UNKNOWN
2025-06-02 16:08:58,017 - game_state_handler - DEBUG - State UNKNOWN unchanged, not restarting script
2025-06-02 16:08:58,526 - game_state_handler - INFO - Received game state: STATE_INITIAL - UNKNOWN
2025-06-02 16:08:58,527 - game_state_handler - DEBUG - State UNKNOWN unchanged, not restarting script
2025-06-02 16:08:59,039 - game_state_handler - INFO - Received game state: STATE_INITIAL - UNKNOWN
2025-06-02 16:08:59,040 - game_state_handler - DEBUG - State UNKNOWN unchanged, not restarting script
2025-06-02 16:08:59,548 - game_state_handler - INFO - Received game state: STATE_INITIAL - UNKNOWN
2025-06-02 16:08:59,548 - game_state_handler - DEBUG - State UNKNOWN unchanged, not restarting script
2025-06-02 16:09:00,060 - game_state_handler - INFO - Received game state: STATE_INITIAL - UNKNOWN
2025-06-02 16:09:00,060 - game_state_handler - DEBUG - State UNKNOWN unchanged, not restarting script
2025-06-02 16:09:00,575 - game_state_handler - INFO - Received game state: STATE_INITIAL - UNKNOWN
2025-06-02 16:09:00,576 - game_state_handler - DEBUG - State UNKNOWN unchanged, not restarting script
2025-06-02 16:09:01,083 - game_state_handler - INFO - Received game state: STATE_INITIAL - UNKNOWN
2025-06-02 16:09:01,083 - game_state_handler - DEBUG - State UNKNOWN unchanged, not restarting script
2025-06-02 16:09:01,593 - game_state_handler - INFO - Received game state: STATE_INITIAL - UNKNOWN
2025-06-02 16:09:01,594 - game_state_handler - DEBUG - State UNKNOWN unchanged, not restarting script
2025-06-02 16:09:02,109 - game_state_handler - INFO - Received game state: STATE_INITIAL - UNKNOWN
2025-06-02 16:09:02,110 - game_state_handler - DEBUG - State UNKNOWN unchanged, not restarting script
2025-06-02 16:09:02,622 - game_state_handler - INFO - Received game state: STATE_INITIAL - UNKNOWN
2025-06-02 16:09:02,623 - game_state_handler - DEBUG - State UNKNOWN unchanged, not restarting script
2025-06-02 16:09:03,128 - game_state_handler - INFO - Received game state: STATE_INITIAL - UNKNOWN
2025-06-02 16:09:03,128 - game_state_handler - DEBUG - State UNKNOWN unchanged, not restarting script
2025-06-02 16:09:03,639 - game_state_handler - INFO - Received game state: STATE_INITIAL - UNKNOWN
2025-06-02 16:09:03,640 - game_state_handler - DEBUG - State UNKNOWN unchanged, not restarting script
2025-06-02 16:09:04,150 - game_state_handler - INFO - Received game state: STATE_INITIAL - UNKNOWN
2025-06-02 16:09:04,150 - game_state_handler - DEBUG - State UNKNOWN unchanged, not restarting script
2025-06-02 16:09:04,658 - game_state_handler - INFO - Received game state: STATE_INITIAL - UNKNOWN
2025-06-02 16:09:04,659 - game_state_handler - DEBUG - State UNKNOWN unchanged, not restarting script
2025-06-02 16:09:05,171 - game_state_handler - INFO - Received game state: STATE_INITIAL - UNKNOWN
2025-06-02 16:09:05,172 - game_state_handler - DEBUG - State UNKNOWN unchanged, not restarting script
2025-06-02 16:09:05,683 - game_state_handler - INFO - Received game state: STATE_INITIAL - UNKNOWN
2025-06-02 16:09:05,683 - game_state_handler - DEBUG - State UNKNOWN unchanged, not restarting script
2025-06-02 16:09:06,193 - game_state_handler - INFO - Received game state: STATE_INITIAL - UNKNOWN
2025-06-02 16:09:06,194 - game_state_handler - DEBUG - State UNKNOWN unchanged, not restarting script
2025-06-02 16:09:06,706 - game_state_handler - INFO - Received game state: STATE_INITIAL - UNKNOWN
2025-06-02 16:09:06,707 - game_state_handler - DEBUG - State UNKNOWN unchanged, not restarting script
2025-06-02 16:09:07,219 - game_state_handler - INFO - Received game state: STATE_INITIAL - UNKNOWN
2025-06-02 16:09:07,220 - game_state_handler - DEBUG - State UNKNOWN unchanged, not restarting script
2025-06-02 16:09:07,732 - game_state_handler - INFO - Received game state: STATE_INITIAL - UNKNOWN
2025-06-02 16:09:07,732 - game_state_handler - DEBUG - State UNKNOWN unchanged, not restarting script
2025-06-02 16:09:08,244 - game_state_handler - INFO - Received game state: STATE_INITIAL - UNKNOWN
2025-06-02 16:09:08,244 - game_state_handler - DEBUG - State UNKNOWN unchanged, not restarting script
2025-06-02 16:09:08,754 - game_state_handler - INFO - Received game state: STATE_INITIAL - UNKNOWN
2025-06-02 16:09:08,755 - game_state_handler - DEBUG - State UNKNOWN unchanged, not restarting script
2025-06-02 16:09:09,262 - game_state_handler - INFO - Received game state: STATE_INITIAL - UNKNOWN
2025-06-02 16:09:09,263 - game_state_handler - DEBUG - State UNKNOWN unchanged, not restarting script
2025-06-02 16:09:09,770 - game_state_handler - INFO - Received game state: STATE_INITIAL - UNKNOWN
2025-06-02 16:09:09,770 - game_state_handler - DEBUG - State UNKNOWN unchanged, not restarting script
2025-06-02 16:09:10,282 - game_state_handler - INFO - Received game state: STATE_INITIAL - UNKNOWN
2025-06-02 16:09:10,282 - game_state_handler - DEBUG - State UNKNOWN unchanged, not restarting script
2025-06-02 16:09:10,792 - game_state_handler - INFO - Received game state: STATE_INITIAL - UNKNOWN
2025-06-02 16:09:10,793 - game_state_handler - DEBUG - State UNKNOWN unchanged, not restarting script
2025-06-02 16:09:11,300 - game_state_handler - INFO - Received game state: STATE_INITIAL - UNKNOWN
2025-06-02 16:09:11,301 - game_state_handler - DEBUG - State UNKNOWN unchanged, not restarting script
2025-06-02 16:09:11,811 - game_state_handler - INFO - Received game state: STATE_INITIAL - UNKNOWN
2025-06-02 16:09:11,811 - game_state_handler - DEBUG - State UNKNOWN unchanged, not restarting script
2025-06-02 16:09:12,321 - game_state_handler - INFO - Received game state: STATE_INITIAL - UNKNOWN
2025-06-02 16:09:12,322 - game_state_handler - DEBUG - State UNKNOWN unchanged, not restarting script
2025-06-02 16:09:12,834 - game_state_handler - INFO - Received game state: STATE_INITIAL - UNKNOWN
2025-06-02 16:09:12,834 - game_state_handler - DEBUG - State UNKNOWN unchanged, not restarting script
2025-06-02 16:09:13,342 - game_state_handler - INFO - Received game state: STATE_INITIAL - UNKNOWN
2025-06-02 16:09:13,342 - game_state_handler - DEBUG - State UNKNOWN unchanged, not restarting script
2025-06-02 16:09:13,852 - game_state_handler - INFO - Received game state: STATE_INITIAL - UNKNOWN
2025-06-02 16:09:13,854 - game_state_handler - DEBUG - State UNKNOWN unchanged, not restarting script
2025-06-02 16:09:14,367 - game_state_handler - INFO - Received game state: STATE_INITIAL - UNKNOWN
2025-06-02 16:09:14,368 - game_state_handler - DEBUG - State UNKNOWN unchanged, not restarting script
2025-06-02 16:09:14,872 - game_state_handler - INFO - Received game state: STATE_INITIAL - UNKNOWN
2025-06-02 16:09:14,872 - game_state_handler - DEBUG - State UNKNOWN unchanged, not restarting script
2025-06-02 16:09:15,382 - game_state_handler - INFO - Received game state: STATE_INITIAL - UNKNOWN
2025-06-02 16:09:15,383 - game_state_handler - DEBUG - State UNKNOWN unchanged, not restarting script
2025-06-02 16:09:15,894 - game_state_handler - INFO - Received game state: STATE_INITIAL - UNKNOWN
2025-06-02 16:09:15,895 - game_state_handler - DEBUG - State UNKNOWN unchanged, not restarting script
2025-06-02 16:09:16,408 - game_state_handler - INFO - Received game state: STATE_INITIAL - UNKNOWN
2025-06-02 16:09:16,408 - game_state_handler - DEBUG - State UNKNOWN unchanged, not restarting script
2025-06-02 16:09:16,918 - game_state_handler - INFO - Received game state: STATE_INITIAL - UNKNOWN
2025-06-02 16:09:16,919 - game_state_handler - DEBUG - State UNKNOWN unchanged, not restarting script
2025-06-02 16:09:17,428 - game_state_handler - INFO - Received game state: STATE_INITIAL - UNKNOWN
2025-06-02 16:09:17,428 - game_state_handler - DEBUG - State UNKNOWN unchanged, not restarting script
2025-06-02 16:09:17,941 - game_state_handler - INFO - Received game state: STATE_INITIAL - UNKNOWN
2025-06-02 16:09:17,942 - game_state_handler - DEBUG - State UNKNOWN unchanged, not restarting script
2025-06-02 16:09:18,451 - game_state_handler - INFO - Received game state: STATE_INITIAL - UNKNOWN
2025-06-02 16:09:18,451 - game_state_handler - DEBUG - State UNKNOWN unchanged, not restarting script
2025-06-02 16:09:18,963 - game_state_handler - INFO - Received game state: STATE_INITIAL - UNKNOWN
2025-06-02 16:09:18,963 - game_state_handler - DEBUG - State UNKNOWN unchanged, not restarting script
2025-06-02 16:09:19,470 - game_state_handler - INFO - Received game state: STATE_INITIAL - UNKNOWN
2025-06-02 16:09:19,470 - game_state_handler - DEBUG - State UNKNOWN unchanged, not restarting script
2025-06-02 16:09:19,981 - game_state_handler - INFO - Received game state: STATE_INITIAL - UNKNOWN
2025-06-02 16:09:19,981 - game_state_handler - DEBUG - State UNKNOWN unchanged, not restarting script
2025-06-02 16:09:20,494 - game_state_handler - INFO - Received game state: STATE_INITIAL - UNKNOWN
2025-06-02 16:09:20,494 - game_state_handler - DEBUG - State UNKNOWN unchanged, not restarting script
2025-06-02 16:09:21,004 - game_state_handler - INFO - Received game state: STATE_INITIAL - UNKNOWN
2025-06-02 16:09:21,005 - game_state_handler - DEBUG - State UNKNOWN unchanged, not restarting script
2025-06-02 16:09:21,510 - game_state_handler - INFO - Received game state: STATE_INITIAL - UNKNOWN
2025-06-02 16:09:21,511 - game_state_handler - DEBUG - State UNKNOWN unchanged, not restarting script
2025-06-02 16:09:22,023 - game_state_handler - INFO - Received game state: STATE_INITIAL - UNKNOWN
2025-06-02 16:09:22,023 - game_state_handler - DEBUG - State UNKNOWN unchanged, not restarting script
2025-06-02 16:09:22,534 - game_state_handler - INFO - Received game state: STATE_INITIAL - UNKNOWN
2025-06-02 16:09:22,534 - game_state_handler - DEBUG - State UNKNOWN unchanged, not restarting script
2025-06-02 16:09:23,048 - game_state_handler - INFO - Received game state: STATE_INITIAL - UNKNOWN
2025-06-02 16:09:23,049 - game_state_handler - DEBUG - State UNKNOWN unchanged, not restarting script
2025-06-02 16:09:23,560 - game_state_handler - INFO - Received game state: STATE_INITIAL - UNKNOWN
2025-06-02 16:09:23,560 - game_state_handler - DEBUG - State UNKNOWN unchanged, not restarting script
2025-06-02 16:09:24,071 - game_state_handler - INFO - Received game state: STATE_INITIAL - UNKNOWN
2025-06-02 16:09:24,071 - game_state_handler - DEBUG - State UNKNOWN unchanged, not restarting script
2025-06-02 16:09:24,582 - game_state_handler - INFO - Received game state: STATE_INITIAL - UNKNOWN
2025-06-02 16:09:24,582 - game_state_handler - DEBUG - State UNKNOWN unchanged, not restarting script
2025-06-02 16:09:25,093 - game_state_handler - INFO - Received game state: STATE_INITIAL - UNKNOWN
2025-06-02 16:09:25,094 - game_state_handler - DEBUG - State UNKNOWN unchanged, not restarting script
2025-06-02 16:09:25,600 - game_state_handler - INFO - Received game state: STATE_INITIAL - UNKNOWN
2025-06-02 16:09:25,601 - game_state_handler - DEBUG - State UNKNOWN unchanged, not restarting script
2025-06-02 16:09:26,110 - game_state_handler - INFO - Received game state: STATE_INITIAL - UNKNOWN
2025-06-02 16:09:26,111 - game_state_handler - DEBUG - State UNKNOWN unchanged, not restarting script
2025-06-02 16:09:26,620 - game_state_handler - INFO - Received game state: STATE_INITIAL - UNKNOWN
2025-06-02 16:09:26,621 - game_state_handler - DEBUG - State UNKNOWN unchanged, not restarting script
2025-06-02 16:09:27,131 - game_state_handler - INFO - Received game state: STATE_INITIAL - UNKNOWN
2025-06-02 16:09:27,131 - game_state_handler - DEBUG - State UNKNOWN unchanged, not restarting script
2025-06-02 16:09:27,644 - game_state_handler - INFO - Received game state: STATE_INITIAL - UNKNOWN
2025-06-02 16:09:27,644 - game_state_handler - DEBUG - State UNKNOWN unchanged, not restarting script
2025-06-02 16:09:28,159 - game_state_handler - INFO - Received game state: STATE_INITIAL - UNKNOWN
2025-06-02 16:09:28,160 - game_state_handler - DEBUG - State UNKNOWN unchanged, not restarting script
2025-06-02 16:09:28,665 - game_state_handler - INFO - Received game state: STATE_INITIAL - UNKNOWN
2025-06-02 16:09:28,666 - game_state_handler - DEBUG - State UNKNOWN unchanged, not restarting script
2025-06-02 16:09:29,178 - game_state_handler - INFO - Received game state: STATE_INITIAL - UNKNOWN
2025-06-02 16:09:29,178 - game_state_handler - DEBUG - State UNKNOWN unchanged, not restarting script
2025-06-02 16:09:29,687 - game_state_handler - INFO - Received game state: STATE_INITIAL - UNKNOWN
2025-06-02 16:09:29,688 - game_state_handler - DEBUG - State UNKNOWN unchanged, not restarting script
2025-06-02 16:09:30,200 - game_state_handler - INFO - Received game state: STATE_INITIAL - UNKNOWN
2025-06-02 16:09:30,201 - game_state_handler - DEBUG - State UNKNOWN unchanged, not restarting script
2025-06-02 16:09:30,705 - game_state_handler - INFO - Received game state: STATE_INITIAL - UNKNOWN
2025-06-02 16:09:30,705 - game_state_handler - DEBUG - State UNKNOWN unchanged, not restarting script
2025-06-02 16:09:31,210 - game_state_handler - INFO - Received game state: STATE_INITIAL - UNKNOWN
2025-06-02 16:09:31,210 - game_state_handler - DEBUG - State UNKNOWN unchanged, not restarting script
2025-06-02 16:09:31,718 - game_state_handler - INFO - Received game state: STATE_INITIAL - UNKNOWN
2025-06-02 16:09:31,718 - game_state_handler - DEBUG - State UNKNOWN unchanged, not restarting script
2025-06-02 16:09:32,231 - game_state_handler - INFO - Received game state: STATE_INITIAL - UNKNOWN
2025-06-02 16:09:32,231 - game_state_handler - DEBUG - State UNKNOWN unchanged, not restarting script
2025-06-02 16:09:32,743 - game_state_handler - INFO - Received game state: STATE_INITIAL - UNKNOWN
2025-06-02 16:09:32,744 - game_state_handler - DEBUG - State UNKNOWN unchanged, not restarting script
2025-06-02 16:09:33,252 - game_state_handler - INFO - Stopping GameStateHandler
2025-06-02 16:09:34,731 - game_state_handler - INFO - GameStateHandler initialized for team 1, player 1
2025-06-02 16:09:34,731 - game_state_handler - INFO - Ready to handle game state changes...
2025-06-02 16:09:34,781 - game_state_handler - INFO - Received game state: STATE_INITIAL - UNKNOWN
2025-06-02 16:09:35,292 - game_state_handler - INFO - Received game state: STATE_INITIAL - UNKNOWN
2025-06-02 16:09:35,292 - game_state_handler - DEBUG - State UNKNOWN unchanged, not restarting script
2025-06-02 16:09:35,807 - game_state_handler - INFO - Received game state: STATE_INITIAL - UNKNOWN
2025-06-02 16:09:35,808 - game_state_handler - DEBUG - State UNKNOWN unchanged, not restarting script
2025-06-02 16:09:36,320 - game_state_handler - INFO - Received game state: STATE_INITIAL - UNKNOWN
2025-06-02 16:09:36,322 - game_state_handler - DEBUG - State UNKNOWN unchanged, not restarting script
2025-06-02 16:09:36,831 - game_state_handler - INFO - Received game state: STATE_INITIAL - UNKNOWN
2025-06-02 16:09:36,832 - game_state_handler - DEBUG - State UNKNOWN unchanged, not restarting script
2025-06-02 16:09:37,344 - game_state_handler - INFO - Received game state: STATE_INITIAL - UNKNOWN
2025-06-02 16:09:37,344 - game_state_handler - DEBUG - State UNKNOWN unchanged, not restarting script
2025-06-02 16:09:37,859 - game_state_handler - INFO - Received game state: STATE_INITIAL - UNKNOWN
2025-06-02 16:09:37,859 - game_state_handler - DEBUG - State UNKNOWN unchanged, not restarting script
2025-06-02 16:09:38,375 - game_state_handler - INFO - Received game state: STATE_INITIAL - UNKNOWN
2025-06-02 16:09:38,377 - game_state_handler - DEBUG - State UNKNOWN unchanged, not restarting script
2025-06-02 16:09:38,884 - game_state_handler - INFO - Received game state: STATE_INITIAL - UNKNOWN
2025-06-02 16:09:38,885 - game_state_handler - DEBUG - State UNKNOWN unchanged, not restarting script
2025-06-02 16:09:39,395 - game_state_handler - INFO - Received game state: STATE_INITIAL - UNKNOWN
2025-06-02 16:09:39,395 - game_state_handler - DEBUG - State UNKNOWN unchanged, not restarting script
2025-06-02 16:09:39,903 - game_state_handler - INFO - Received game state: STATE_INITIAL - UNKNOWN
2025-06-02 16:09:39,904 - game_state_handler - DEBUG - State UNKNOWN unchanged, not restarting script
2025-06-02 16:09:40,415 - game_state_handler - INFO - Received game state: STATE_INITIAL - UNKNOWN
2025-06-02 16:09:40,415 - game_state_handler - DEBUG - State UNKNOWN unchanged, not restarting script
2025-06-02 16:09:40,925 - game_state_handler - INFO - Received game state: STATE_INITIAL - UNKNOWN
2025-06-02 16:09:40,925 - game_state_handler - DEBUG - State UNKNOWN unchanged, not restarting script
2025-06-02 16:09:41,434 - game_state_handler - INFO - Received game state: STATE_INITIAL - UNKNOWN
2025-06-02 16:09:41,434 - game_state_handler - DEBUG - State UNKNOWN unchanged, not restarting script
2025-06-02 16:09:41,948 - game_state_handler - INFO - Received game state: STATE_INITIAL - UNKNOWN
2025-06-02 16:09:41,948 - game_state_handler - DEBUG - State UNKNOWN unchanged, not restarting script
2025-06-02 16:09:42,457 - game_state_handler - INFO - Received game state: STATE_INITIAL - UNKNOWN
2025-06-02 16:09:42,458 - game_state_handler - DEBUG - State UNKNOWN unchanged, not restarting script
2025-06-02 16:09:42,972 - game_state_handler - INFO - Received game state: STATE_INITIAL - UNKNOWN
2025-06-02 16:09:42,972 - game_state_handler - DEBUG - State UNKNOWN unchanged, not restarting script
2025-06-02 16:09:43,486 - game_state_handler - INFO - Received game state: STATE_INITIAL - UNKNOWN
2025-06-02 16:09:43,487 - game_state_handler - DEBUG - State UNKNOWN unchanged, not restarting script
2025-06-02 16:09:43,998 - game_state_handler - INFO - Received game state: STATE_INITIAL - UNKNOWN
2025-06-02 16:09:43,998 - game_state_handler - DEBUG - State UNKNOWN unchanged, not restarting script
2025-06-02 16:09:44,503 - game_state_handler - INFO - Received game state: STATE_INITIAL - UNKNOWN
2025-06-02 16:09:44,504 - game_state_handler - DEBUG - State UNKNOWN unchanged, not restarting script
2025-06-02 16:09:45,014 - game_state_handler - INFO - Received game state: STATE_INITIAL - UNKNOWN
2025-06-02 16:09:45,015 - game_state_handler - DEBUG - State UNKNOWN unchanged, not restarting script
2025-06-02 16:09:45,526 - game_state_handler - INFO - Received game state: STATE_INITIAL - UNKNOWN
2025-06-02 16:09:45,526 - game_state_handler - DEBUG - State UNKNOWN unchanged, not restarting script
2025-06-02 16:09:46,037 - game_state_handler - INFO - Received game state: STATE_INITIAL - UNKNOWN
2025-06-02 16:09:46,037 - game_state_handler - DEBUG - State UNKNOWN unchanged, not restarting script
2025-06-02 16:09:46,546 - game_state_handler - INFO - Received game state: STATE_INITIAL - UNKNOWN
2025-06-02 16:09:46,547 - game_state_handler - DEBUG - State UNKNOWN unchanged, not restarting script
2025-06-02 16:09:47,060 - game_state_handler - INFO - Received game state: STATE_INITIAL - UNKNOWN
2025-06-02 16:09:47,061 - game_state_handler - DEBUG - State UNKNOWN unchanged, not restarting script
2025-06-02 16:09:47,568 - game_state_handler - INFO - Received game state: STATE_INITIAL - UNKNOWN
2025-06-02 16:09:47,568 - game_state_handler - DEBUG - State UNKNOWN unchanged, not restarting script
2025-06-02 16:09:48,079 - game_state_handler - INFO - Received game state: STATE_INITIAL - UNKNOWN
2025-06-02 16:09:48,080 - game_state_handler - DEBUG - State UNKNOWN unchanged, not restarting script
2025-06-02 16:09:48,588 - game_state_handler - INFO - Received game state: STATE_INITIAL - UNKNOWN
2025-06-02 16:09:48,588 - game_state_handler - DEBUG - State UNKNOWN unchanged, not restarting script
2025-06-02 16:09:49,096 - game_state_handler - INFO - Received game state: STATE_INITIAL - UNKNOWN
2025-06-02 16:09:49,096 - game_state_handler - DEBUG - State UNKNOWN unchanged, not restarting script
2025-06-02 16:09:49,609 - game_state_handler - INFO - Received game state: STATE_INITIAL - UNKNOWN
2025-06-02 16:09:49,610 - game_state_handler - DEBUG - State UNKNOWN unchanged, not restarting script
2025-06-02 16:09:50,117 - game_state_handler - INFO - Received game state: STATE_INITIAL - UNKNOWN
2025-06-02 16:09:50,118 - game_state_handler - DEBUG - State UNKNOWN unchanged, not restarting script
2025-06-02 16:09:50,627 - game_state_handler - INFO - Received game state: STATE_INITIAL - UNKNOWN
2025-06-02 16:09:50,628 - game_state_handler - DEBUG - State UNKNOWN unchanged, not restarting script
2025-06-02 16:09:51,138 - game_state_handler - INFO - Received game state: STATE_INITIAL - UNKNOWN
2025-06-02 16:09:51,138 - game_state_handler - DEBUG - State UNKNOWN unchanged, not restarting script
2025-06-02 16:09:51,648 - game_state_handler - INFO - Received game state: STATE_INITIAL - UNKNOWN
2025-06-02 16:09:51,649 - game_state_handler - DEBUG - State UNKNOWN unchanged, not restarting script
2025-06-02 16:09:52,161 - game_state_handler - INFO - Received game state: STATE_INITIAL - UNKNOWN
2025-06-02 16:09:52,162 - game_state_handler - DEBUG - State UNKNOWN unchanged, not restarting script
2025-06-02 16:09:52,666 - game_state_handler - INFO - Stopping GameStateHandler
2025-06-02 16:09:54,571 - game_state_handler - INFO - GameStateHandler initialized for team 1, player 1
2025-06-02 16:09:54,571 - game_state_handler - INFO - Ready to handle game state changes...
2025-06-02 16:09:54,709 - game_state_handler - INFO - Received game state: STATE_INITIAL - UNKNOWN
2025-06-02 16:09:55,217 - game_state_handler - INFO - Received game state: STATE_INITIAL - UNKNOWN
2025-06-02 16:09:55,217 - game_state_handler - DEBUG - State UNKNOWN unchanged, not restarting script
2025-06-02 16:09:55,731 - game_state_handler - INFO - Received game state: STATE_INITIAL - UNKNOWN
2025-06-02 16:09:55,732 - game_state_handler - DEBUG - State UNKNOWN unchanged, not restarting script
2025-06-02 16:09:56,248 - game_state_handler - INFO - Received game state: STATE_INITIAL - UNKNOWN
2025-06-02 16:09:56,248 - game_state_handler - DEBUG - State UNKNOWN unchanged, not restarting script
2025-06-02 16:09:56,753 - game_state_handler - INFO - Received game state: STATE_INITIAL - UNKNOWN
2025-06-02 16:09:56,753 - game_state_handler - DEBUG - State UNKNOWN unchanged, not restarting script
2025-06-02 16:09:57,262 - game_state_handler - INFO - Received game state: STATE_INITIAL - UNKNOWN
2025-06-02 16:09:57,262 - game_state_handler - DEBUG - State UNKNOWN unchanged, not restarting script
2025-06-02 16:09:57,775 - game_state_handler - INFO - Received game state: STATE_INITIAL - UNKNOWN
2025-06-02 16:09:57,775 - game_state_handler - DEBUG - State UNKNOWN unchanged, not restarting script
2025-06-02 16:09:58,286 - game_state_handler - INFO - Received game state: STATE_INITIAL - UNKNOWN
2025-06-02 16:09:58,286 - game_state_handler - DEBUG - State UNKNOWN unchanged, not restarting script
2025-06-02 16:09:58,800 - game_state_handler - INFO - Received game state: STATE_INITIAL - UNKNOWN
2025-06-02 16:09:58,801 - game_state_handler - DEBUG - State UNKNOWN unchanged, not restarting script
2025-06-02 16:09:59,308 - game_state_handler - INFO - Received game state: STATE_INITIAL - UNKNOWN
2025-06-02 16:09:59,308 - game_state_handler - DEBUG - State UNKNOWN unchanged, not restarting script
2025-06-02 16:09:59,824 - game_state_handler - INFO - Received game state: STATE_INITIAL - UNKNOWN
2025-06-02 16:09:59,824 - game_state_handler - DEBUG - State UNKNOWN unchanged, not restarting script
2025-06-02 16:10:00,336 - game_state_handler - INFO - Stopping GameStateHandler
2025-06-02 16:59:20,690 - game_state_handler - INFO - Debug mode enabled
2025-06-02 17:00:00,871 - game_state_handler - INFO - GameStateHandler initialized for team 1, player 1
2025-06-02 17:00:00,872 - game_state_handler - INFO - Ready to handle game state changes...
2025-06-02 17:00:01,297 - game_state_handler - INFO - Received game state: STATE_INITIAL - UNKNOWN
2025-06-02 17:00:01,806 - game_state_handler - INFO - Received game state: STATE_INITIAL - UNKNOWN
2025-06-02 17:00:01,806 - game_state_handler - DEBUG - State UNKNOWN unchanged, not restarting script
2025-06-02 17:00:02,317 - game_state_handler - INFO - Received game state: STATE_INITIAL - UNKNOWN
2025-06-02 17:00:02,317 - game_state_handler - DEBUG - State UNKNOWN unchanged, not restarting script
2025-06-02 17:00:02,820 - game_state_handler - INFO - Received game state: STATE_INITIAL - UNKNOWN
2025-06-02 17:00:02,821 - game_state_handler - DEBUG - State UNKNOWN unchanged, not restarting script
2025-06-02 17:00:03,329 - game_state_handler - INFO - Received game state: STATE_INITIAL - UNKNOWN
2025-06-02 17:00:03,329 - game_state_handler - DEBUG - State UNKNOWN unchanged, not restarting script
2025-06-02 17:00:03,837 - game_state_handler - INFO - Received game state: STATE_INITIAL - UNKNOWN
2025-06-02 17:00:03,837 - game_state_handler - DEBUG - State UNKNOWN unchanged, not restarting script
2025-06-02 17:00:04,353 - game_state_handler - INFO - Received game state: STATE_INITIAL - UNKNOWN
2025-06-02 17:00:04,354 - game_state_handler - DEBUG - State UNKNOWN unchanged, not restarting script
2025-06-02 17:00:04,861 - game_state_handler - INFO - Stopping GameStateHandler
